\BOOKMARK [0][-]{Doc-Start}{Title}{}% 1
\BOOKMARK [0][-]{chapter*.1}{Contents}{}% 2
\BOOKMARK [0][-]{chapter*.2}{List of Figures}{}% 3
\BOOKMARK [0][-]{chapter*.3}{List of Tables}{}% 4
\BOOKMARK [0][-]{chapter*.4}{List of Algorithms}{}% 5
\BOOKMARK [0][-]{chapter*.5}{Document Preparation and Updates}{}% 6
\BOOKMARK [0][-]{chapter.1}{Overview, Description and Deliverables}{}% 7
\BOOKMARK [1][-]{section.1.1}{Team Members and Team Name}{chapter.1}% 8
\BOOKMARK [1][-]{section.1.2}{Client}{chapter.1}% 9
\BOOKMARK [1][-]{section.1.3}{Project}{chapter.1}% 10
\BOOKMARK [2][-]{subsection.1.3.1}{Description}{section.1.3}% 11
\BOOKMARK [2][-]{subsection.1.3.2}{Product Vision}{section.1.3}% 12
\BOOKMARK [2][-]{subsection.1.3.3}{Phase One Features}{section.1.3}% 13
\BOOKMARK [2][-]{subsection.1.3.4}{Intellectual Property}{section.1.3}% 14
\BOOKMARK [2][-]{subsection.1.3.5}{Value}{section.1.3}% 15
\BOOKMARK [2][-]{subsection.1.3.6}{Value Testimonials}{section.1.3}% 16
\BOOKMARK [2][-]{subsection.1.3.7}{Mission Statement}{section.1.3}% 17
\BOOKMARK [2][-]{subsection.1.3.8}{Elevator Pitch}{section.1.3}% 18
\BOOKMARK [2][-]{subsection.1.3.9}{Purpose of the System}{section.1.3}% 19
\BOOKMARK [1][-]{section.1.4}{Business/Market Need}{chapter.1}% 20
\BOOKMARK [1][-]{section.1.5}{Deliverables}{chapter.1}% 21
\BOOKMARK [2][-]{subsection.1.5.1}{Software}{section.1.5}% 22
\BOOKMARK [2][-]{subsection.1.5.2}{Hardware}{section.1.5}% 23
\BOOKMARK [2][-]{subsection.1.5.3}{Documentation}{section.1.5}% 24
\BOOKMARK [0][-]{chapter.2}{User Stories, Requirements, and Product Backlog}{}% 25
\BOOKMARK [1][-]{section.2.1}{Overview}{chapter.2}% 26
\BOOKMARK [1][-]{section.2.2}{User Stories}{chapter.2}% 27
\BOOKMARK [2][-]{subsection.2.2.1}{Round Zero}{section.2.2}% 28
\BOOKMARK [2][-]{subsection.2.2.2}{Round One}{section.2.2}% 29
\BOOKMARK [2][-]{subsection.2.2.3}{User Story \0432}{section.2.2}% 30
\BOOKMARK [2][-]{subsection.2.2.4}{User Story \0433}{section.2.2}% 31
\BOOKMARK [1][-]{section.2.3}{Requirements and Design Constraints}{chapter.2}% 32
\BOOKMARK [2][-]{subsection.2.3.1}{System Requirements}{section.2.3}% 33
\BOOKMARK [2][-]{subsection.2.3.2}{Network Requirements}{section.2.3}% 34
\BOOKMARK [2][-]{subsection.2.3.3}{Development Environment Requirements}{section.2.3}% 35
\BOOKMARK [2][-]{subsection.2.3.4}{Project Management Methodology}{section.2.3}% 36
\BOOKMARK [1][-]{section.2.4}{Specifications}{chapter.2}% 37
\BOOKMARK [1][-]{section.2.5}{Product Backlog}{chapter.2}% 38
\BOOKMARK [1][-]{section.2.6}{Research or Proof of Concept Results}{chapter.2}% 39
\BOOKMARK [1][-]{section.2.7}{Supporting Material}{chapter.2}% 40
\BOOKMARK [0][-]{chapter.3}{Project Management}{}% 41
\BOOKMARK [1][-]{section.3.1}{Team Member's Roles}{chapter.3}% 42
\BOOKMARK [1][-]{section.3.2}{Project Management Approach}{chapter.3}% 43
\BOOKMARK [1][-]{section.3.3}{ Stakeholder Information}{chapter.3}% 44
\BOOKMARK [2][-]{subsection.3.3.1}{Customer or End User \(Product Owner\)}{section.3.3}% 45
\BOOKMARK [2][-]{subsection.3.3.2}{Management or Instructor \(Scrum Master\)}{section.3.3}% 46
\BOOKMARK [2][-]{subsection.3.3.3}{Investors}{section.3.3}% 47
\BOOKMARK [2][-]{subsection.3.3.4}{Developers \205Testers}{section.3.3}% 48
\BOOKMARK [1][-]{section.3.4}{Budget}{chapter.3}% 49
\BOOKMARK [1][-]{section.3.5}{Intellectual Property and Licensing}{chapter.3}% 50
\BOOKMARK [1][-]{section.3.6}{Sprint Overview}{chapter.3}% 51
\BOOKMARK [1][-]{section.3.7}{Terminology and Acronyms}{chapter.3}% 52
\BOOKMARK [1][-]{section.3.8}{Sprint Schedule}{chapter.3}% 53
\BOOKMARK [1][-]{section.3.9}{Timeline}{chapter.3}% 54
\BOOKMARK [1][-]{section.3.10}{Development Environment}{chapter.3}% 55
\BOOKMARK [1][-]{section.3.11}{Development IDE and Tools}{chapter.3}% 56
\BOOKMARK [1][-]{section.3.12}{Source Control}{chapter.3}% 57
\BOOKMARK [1][-]{section.3.13}{Dependencies}{chapter.3}% 58
\BOOKMARK [1][-]{section.3.14}{Build Environment}{chapter.3}% 59
\BOOKMARK [1][-]{section.3.15}{Development Machine Setup}{chapter.3}% 60
\BOOKMARK [0][-]{chapter.4}{Design and Implementation}{}% 61
\BOOKMARK [1][-]{section.4.1}{Systems Goals}{chapter.4}% 62
\BOOKMARK [1][-]{section.4.2}{System Overview and Description}{chapter.4}% 63
\BOOKMARK [2][-]{subsection.4.2.1}{Major System Component \0431}{section.4.2}% 64
\BOOKMARK [2][-]{subsection.4.2.2}{Major System Component \0432}{section.4.2}% 65
\BOOKMARK [2][-]{subsection.4.2.3}{Major System Component \0433}{section.4.2}% 66
\BOOKMARK [1][-]{section.4.3}{Technologies Overview}{chapter.4}% 67
\BOOKMARK [1][-]{section.4.4}{Architecture and System Design}{chapter.4}% 68
\BOOKMARK [2][-]{subsection.4.4.1}{Design Selection}{section.4.4}% 69
\BOOKMARK [2][-]{subsection.4.4.2}{Data Structures and Algorithms}{section.4.4}% 70
\BOOKMARK [2][-]{subsection.4.4.3}{Data Flow}{section.4.4}% 71
\BOOKMARK [2][-]{subsection.4.4.4}{Communications}{section.4.4}% 72
\BOOKMARK [2][-]{subsection.4.4.5}{Classes}{section.4.4}% 73
\BOOKMARK [2][-]{subsection.4.4.6}{UML}{section.4.4}% 74
\BOOKMARK [2][-]{subsection.4.4.7}{UX}{section.4.4}% 75
\BOOKMARK [2][-]{subsection.4.4.8}{UI}{section.4.4}% 76
\BOOKMARK [2][-]{subsection.4.4.9}{MVVM, etc}{section.4.4}% 77
\BOOKMARK [1][-]{section.4.5}{Website}{chapter.4}% 78
\BOOKMARK [1][-]{section.4.6}{File Conversion}{chapter.4}% 79
\BOOKMARK [2][-]{subsection.4.6.1}{Overview}{section.4.6}% 80
\BOOKMARK [2][-]{subsection.4.6.2}{Technologies Used}{section.4.6}% 81
\BOOKMARK [1][-]{section.4.7}{Major Component \0432 }{chapter.4}% 82
\BOOKMARK [2][-]{subsection.4.7.1}{Technologies Used}{section.4.7}% 83
\BOOKMARK [2][-]{subsection.4.7.2}{Component Overview}{section.4.7}% 84
\BOOKMARK [2][-]{subsection.4.7.3}{Phase Overview}{section.4.7}% 85
\BOOKMARK [2][-]{subsection.4.7.4}{ Architecture Diagram}{section.4.7}% 86
\BOOKMARK [2][-]{subsection.4.7.5}{Data Flow Diagram}{section.4.7}% 87
\BOOKMARK [2][-]{subsection.4.7.6}{Design Details}{section.4.7}% 88
\BOOKMARK [1][-]{section.4.8}{Major Component \0433 }{chapter.4}% 89
\BOOKMARK [2][-]{subsection.4.8.1}{Technologies Used}{section.4.8}% 90
\BOOKMARK [2][-]{subsection.4.8.2}{Component Overview}{section.4.8}% 91
\BOOKMARK [2][-]{subsection.4.8.3}{Phase Overview}{section.4.8}% 92
\BOOKMARK [2][-]{subsection.4.8.4}{ Architecture Diagram}{section.4.8}% 93
\BOOKMARK [2][-]{subsection.4.8.5}{Data Flow Diagram}{section.4.8}% 94
\BOOKMARK [2][-]{subsection.4.8.6}{Design Details}{section.4.8}% 95
\BOOKMARK [0][-]{chapter.5}{System and Unit Testing Design}{}% 96
\BOOKMARK [1][-]{section.5.1}{Overview}{chapter.5}% 97
\BOOKMARK [1][-]{section.5.2}{Dependencies}{chapter.5}% 98
\BOOKMARK [1][-]{section.5.3}{Test design and setup}{chapter.5}% 99
\BOOKMARK [1][-]{section.5.4}{System Testing}{chapter.5}% 100
\BOOKMARK [1][-]{section.5.5}{System Integration Analysis}{chapter.5}% 101
\BOOKMARK [1][-]{section.5.6}{Risk Analysis}{chapter.5}% 102
\BOOKMARK [2][-]{subsection.5.6.1}{Risk Mitigation}{section.5.6}% 103
\BOOKMARK [0][-]{chapter.6}{Sprint Results and Prototypes}{}% 104
\BOOKMARK [1][-]{section.6.1}{Sprint 0 Report}{chapter.6}% 105
\BOOKMARK [2][-]{subsection.6.1.1}{Sprint Backlog}{section.6.1}% 106
\BOOKMARK [2][-]{subsection.6.1.2}{Deliverable}{section.6.1}% 107
\BOOKMARK [2][-]{subsection.6.1.3}{Successes and Failures}{section.6.1}% 108
\BOOKMARK [2][-]{subsection.6.1.4}{Sprint Review}{section.6.1}% 109
\BOOKMARK [2][-]{subsection.6.1.5}{Sprint Retrospective}{section.6.1}% 110
\BOOKMARK [2][-]{subsection.6.1.6}{Sprint Analytics}{section.6.1}% 111
\BOOKMARK [1][-]{section.6.2}{Sprint 1 Report}{chapter.6}% 112
\BOOKMARK [2][-]{subsection.6.2.1}{Sprint Backlog}{section.6.2}% 113
\BOOKMARK [2][-]{subsection.6.2.2}{Deliverable}{section.6.2}% 114
\BOOKMARK [2][-]{subsection.6.2.3}{Results of testing}{section.6.2}% 115
\BOOKMARK [2][-]{subsection.6.2.4}{Successes and Failures}{section.6.2}% 116
\BOOKMARK [2][-]{subsection.6.2.5}{Modifications required \(product backlog, design, requirements, etc\)}{section.6.2}% 117
\BOOKMARK [2][-]{subsection.6.2.6}{Sprint Review}{section.6.2}% 118
\BOOKMARK [2][-]{subsection.6.2.7}{Sprint Retrospective}{section.6.2}% 119
\BOOKMARK [2][-]{subsection.6.2.8}{Sprint Analytics}{section.6.2}% 120
\BOOKMARK [1][-]{section.6.3}{Sprint 2 Report}{chapter.6}% 121
\BOOKMARK [2][-]{subsection.6.3.1}{Sprint Backlog}{section.6.3}% 122
\BOOKMARK [2][-]{subsection.6.3.2}{Deliverable}{section.6.3}% 123
\BOOKMARK [2][-]{subsection.6.3.3}{Results of testing}{section.6.3}% 124
\BOOKMARK [2][-]{subsection.6.3.4}{Successes and Failures}{section.6.3}% 125
\BOOKMARK [2][-]{subsection.6.3.5}{Modifications required \(product backlog, design, requirements, etc\)}{section.6.3}% 126
\BOOKMARK [2][-]{subsection.6.3.6}{Sprint Review}{section.6.3}% 127
\BOOKMARK [2][-]{subsection.6.3.7}{Sprint Retrospective}{section.6.3}% 128
\BOOKMARK [2][-]{subsection.6.3.8}{Sprint Analytics}{section.6.3}% 129
\BOOKMARK [1][-]{section.6.4}{Sprint 3 Report}{chapter.6}% 130
\BOOKMARK [2][-]{subsection.6.4.1}{Sprint Backlog}{section.6.4}% 131
\BOOKMARK [2][-]{subsection.6.4.2}{Deliverable}{section.6.4}% 132
\BOOKMARK [2][-]{subsection.6.4.3}{Results of testing}{section.6.4}% 133
\BOOKMARK [2][-]{subsection.6.4.4}{Successes and Failures}{section.6.4}% 134
\BOOKMARK [2][-]{subsection.6.4.5}{Modifications required \(product backlog, design, requirements, etc\)}{section.6.4}% 135
\BOOKMARK [2][-]{subsection.6.4.6}{Sprint Review}{section.6.4}% 136
\BOOKMARK [2][-]{subsection.6.4.7}{Sprint Retrospective}{section.6.4}% 137
\BOOKMARK [2][-]{subsection.6.4.8}{Sprint Analytics}{section.6.4}% 138
\BOOKMARK [1][-]{section.6.5}{Sprint 4 Report}{chapter.6}% 139
\BOOKMARK [2][-]{subsection.6.5.1}{Sprint Backlog}{section.6.5}% 140
\BOOKMARK [2][-]{subsection.6.5.2}{Deliverable}{section.6.5}% 141
\BOOKMARK [2][-]{subsection.6.5.3}{Results of testing}{section.6.5}% 142
\BOOKMARK [2][-]{subsection.6.5.4}{Successes and Failures}{section.6.5}% 143
\BOOKMARK [2][-]{subsection.6.5.5}{Modifications required \(product backlog, design, requirements, etc\)}{section.6.5}% 144
\BOOKMARK [2][-]{subsection.6.5.6}{Sprint Review}{section.6.5}% 145
\BOOKMARK [2][-]{subsection.6.5.7}{Sprint Retrospective}{section.6.5}% 146
\BOOKMARK [2][-]{subsection.6.5.8}{Sprint Analytics}{section.6.5}% 147
\BOOKMARK [0][-]{chapter.7}{Release \205 Setup \205 Deployment}{}% 148
\BOOKMARK [1][-]{section.7.1}{Deployment Information and Dependencies}{chapter.7}% 149
\BOOKMARK [1][-]{section.7.2}{Setup Information}{chapter.7}% 150
\BOOKMARK [1][-]{section.7.3}{System Versioning Information}{chapter.7}% 151
\BOOKMARK [0][-]{chapter.8}{User Documentation}{}% 152
\BOOKMARK [1][-]{section.8.1}{User Guide}{chapter.8}% 153
\BOOKMARK [1][-]{section.8.2}{Installation Guide}{chapter.8}% 154
\BOOKMARK [1][-]{section.8.3}{Programmer Manual}{chapter.8}% 155
\BOOKMARK [0][-]{chapter.9}{Research Results}{}% 156
\BOOKMARK [1][-]{section.9.1}{Result 1}{chapter.9}% 157
\BOOKMARK [1][-]{section.9.2}{Result 2}{chapter.9}% 158
\BOOKMARK [1][-]{section.9.3}{Conclusions}{chapter.9}% 159
\BOOKMARK [1][-]{section.9.4}{Further work}{chapter.9}% 160
\BOOKMARK [0][-]{chapter*.6}{Bibliography}{}% 161
\BOOKMARK [0][-]{chapter.10}{Software Agreement}{}% 162
\BOOKMARK [0][-]{appendix.A}{Product Description}{}% 163
\BOOKMARK [0][-]{appendix.B}{Class Index}{}% 164
\BOOKMARK [1][-]{section.B.1}{Class List}{appendix.B}% 165
\BOOKMARK [0][-]{appendix.C}{Class Documentation}{}% 166
\BOOKMARK [1][-]{section.C.1}{Poly Class Reference}{appendix.C}% 167
\BOOKMARK [2][-]{subsection.C.1.1}{Constructor \046 Destructor Documentation}{section.C.1}% 168
\BOOKMARK [2][-]{subsection.C.1.2}{Member Function Documentation}{section.C.1}% 169
\BOOKMARK [0][-]{appendix.D}{Business Plan}{}% 170
\BOOKMARK [1][-]{section.D.1}{Business Model}{appendix.D}% 171
\BOOKMARK [1][-]{section.D.2}{Market and Competition}{appendix.D}% 172
\BOOKMARK [1][-]{section.D.3}{Regulatory environment}{appendix.D}% 173
\BOOKMARK [1][-]{section.D.4}{Intellectual Property and Freedom to Operate}{appendix.D}% 174
\BOOKMARK [1][-]{section.D.5}{Management Team and Advisors}{appendix.D}% 175
\BOOKMARK [1][-]{section.D.6}{Sources and Uses of Capital}{appendix.D}% 176
\BOOKMARK [1][-]{section.D.7}{Financial Statements}{appendix.D}% 177
\BOOKMARK [1][-]{section.D.8}{Metrics and Milestones}{appendix.D}% 178
\BOOKMARK [1][-]{section.D.9}{Exit Plan}{appendix.D}% 179
\BOOKMARK [0][-]{appendix.E}{Experimental Log}{}% 180
\BOOKMARK [0][-]{appendix.F}{Publications}{}% 181
\BOOKMARK [0][-]{appendix.G}{Acknowledgment}{}% 182
\BOOKMARK [0][-]{appendix.H}{Supporting Materials}{}% 183
\BOOKMARK [0][-]{appendix*.7}{LaTeX Example}{}% 184
\BOOKMARK [1][-]{section.H.1}{Introduction}{appendix*.7}% 185
\BOOKMARK [1][-]{section.H.2}{Ordinary Text}{appendix*.7}% 186
\BOOKMARK [1][-]{section.H.3}{Displayed Text}{appendix*.7}% 187
\BOOKMARK [1][-]{section.H.4}{Build process}{appendix*.7}% 188
